stis,e140h,ech,100	(1215.6,1221.0,0.0027,0.0027)
stis,e140h,ech,101	(1212.1,1217.5,0.0027,0.0027)
stis,e140h,ech,102	(1208.6,1214.0,0.0026,0.0027)
stis,e140h,ech,103	(1205.1,1210.5,0.0026,0.0026)
stis,e140h,ech,104	(1201.7,1207.1,0.0026,0.0027)
stis,e140h,ech,105	(1198.2,1203.6,0.0026,0.0026)
stis,e140h,ech,106	(1194.8,1200.2,0.0026,0.0026)
stis,e140h,ech,107	(1191.5,1196.8,0.0026,0.0026)
stis,e140h,ech,108	(1188.2,1193.5,0.0026,0.0026)
stis,e140h,ech,109	(1184.8,1190.2,0.0026,0.0026)
stis,e140h,ech,10	(1642.9,1650.3,0.0036,0.0036)
stis,e140h,ech,110	(1181.5,1186.7,0.0026,0.0026)
stis,e140h,ech,111	(1178.2,1183.4,0.0026,0.0026)
stis,e140h,ech,112	(1174.8,1180.2,0.0026,0.0026)
stis,e140h,ech,113	(1171.5,1176.9,0.0026,0.0026)
stis,e140h,ech,114	(1168.2,1173.6,0.0026,0.0026)
stis,e140h,ech,115	(1165.1,1170.3,0.0026,0.0026)
stis,e140h,ech,116	(1161.8,1167.2,0.0025,0.0026)
stis,e140h,ech,117	(1158.7,1164.0,0.0025,0.0026)
stis,e140h,ech,118	(1155.5,1160.7,0.0025,0.0026)
stis,e140h,ech,119	(1152.3,1157.5,0.0025,0.0025)
stis,e140h,ech,11	(1636.5,1643.9,0.0036,0.0036)
stis,e140h,ech,120	(1149.1,1154.3,0.0025,0.0026)
stis,e140h,ech,121	(1146.2,1151.4,0.0025,0.0025)
stis,e140h,ech,12	(1630.2,1637.5,0.0036,0.0036)
stis,e140h,ech,13	(1624.0,1631.2,0.0036,0.0036)
stis,e140h,ech,14	(1617.7,1624.9,0.0035,0.0036)
stis,e140h,ech,15	(1611.5,1618.7,0.0035,0.0035)
stis,e140h,ech,16	(1605.3,1612.5,0.0035,0.0036)
stis,e140h,ech,17	(1599.2,1606.4,0.0035,0.0036)
stis,e140h,ech,18	(1593.1,1600.3,0.0035,0.0035)
stis,e140h,ech,19	(1587.1,1594.3,0.0035,0.0035)
stis,e140h,ech,1	(1702.8,1710.4,0.0037,0.0038)
stis,e140h,ech,20	(1581.2,1588.3,0.0035,0.0035)
stis,e140h,ech,21	(1575.2,1582.4,0.0035,0.0034)
stis,e140h,ech,22	(1569.4,1576.4,0.0034,0.0035)
stis,e140h,ech,23	(1563.5,1570.6,0.0034,0.0035)
stis,e140h,ech,24	(1557.7,1564.7,0.0034,0.0035)
stis,e140h,ech,25	(1552.0,1559.0,0.0034,0.0034)
stis,e140h,ech,26	(1546.3,1553.2,0.0034,0.0034)
stis,e140h,ech,27	(1540.7,1547.5,0.0034,0.0033)
stis,e140h,ech,28	(1535.0,1541.9,0.0034,0.0033)
stis,e140h,ech,29	(1529.5,1536.4,0.0034,0.0033)
stis,e140h,ech,2	(1695.9,1703.5,0.0037,0.0037)
stis,e140h,ech,30	(1523.9,1530.7,0.0033,0.0034)
stis,e140h,ech,31	(1518.4,1525.2,0.0033,0.0034)
stis,e140h,ech,32	(1512.9,1519.7,0.0033,0.0034)
stis,e140h,ech,33	(1507.5,1514.3,0.0033,0.0033)
stis,e140h,ech,34	(1502.1,1508.9,0.0033,0.0033)
stis,e140h,ech,35	(1496.7,1503.5,0.0033,0.0033)
stis,e140h,ech,36	(1491.4,1498.2,0.0033,0.0033)
stis,e140h,ech,37	(1486.2,1493.0,0.0033,0.0032)
stis,e140h,ech,38	(1481.0,1487.7,0.0032,0.0033)
stis,e140h,ech,39	(1475.8,1482.4,0.0032,0.0032)
stis,e140h,ech,3	(1689.1,1696.7,0.0037,0.0037)
stis,e140h,ech,40	(1470.6,1477.2,0.0032,0.0033)
stis,e140h,ech,41	(1465.5,1472.1,0.0032,0.0032)
stis,e140h,ech,42	(1460.5,1467.0,0.0032,0.0032)
stis,e140h,ech,43	(1455.3,1461.9,0.0032,0.0033)
stis,e140h,ech,44	(1450.3,1456.9,0.0032,0.0032)
stis,e140h,ech,45	(1445.3,1451.9,0.0032,0.0032)
stis,e140h,ech,46	(1440.4,1446.8,0.0032,0.0031)
stis,e140h,ech,47	(1435.5,1442.0,0.0031,0.0031)
stis,e140h,ech,48	(1430.6,1437.0,0.0031,0.0031)
stis,e140h,ech,49	(1425.7,1432.1,0.0031,0.0031)
stis,e140h,ech,4	(1682.3,1689.9,0.0037,0.0037)
stis,e140h,ech,50	(1420.9,1427.3,0.0031,0.0031)
stis,e140h,ech,51	(1416.1,1422.5,0.0031,0.0031)
stis,e140h,ech,52	(1411.5,1417.8,0.0031,0.0031)
stis,e140h,ech,53	(1406.6,1413.0,0.0031,0.0031)
stis,e140h,ech,54	(1402.0,1408.3,0.0031,0.0031)
stis,e140h,ech,55	(1397.3,1403.6,0.0031,0.0031)
stis,e140h,ech,56	(1392.7,1398.9,0.0031,0.0031)
stis,e140h,ech,57	(1388.1,1394.3,0.0030,0.0031)
stis,e140h,ech,58	(1383.5,1389.7,0.0030,0.0031)
stis,e140h,ech,59	(1379.0,1385.2,0.0030,0.0030)
stis,e140h,ech,5	(1675.6,1683.2,0.0037,0.0037)
stis,e140h,ech,60	(1374.5,1380.7,0.0030,0.0030)
stis,e140h,ech,61	(1370.0,1376.2,0.0030,0.0030)
stis,e140h,ech,62	(1365.5,1371.7,0.0030,0.0030)
stis,e140h,ech,63	(1361.2,1367.2,0.0030,0.0030)
stis,e140h,ech,64	(1356.8,1362.9,0.0030,0.0030)
stis,e140h,ech,65	(1352.5,1358.5,0.0030,0.0029)
stis,e140h,ech,66	(1348.0,1354.1,0.0030,0.0030)
stis,e140h,ech,67	(1343.8,1349.9,0.0029,0.0030)
stis,e140h,ech,68	(1339.5,1345.5,0.0029,0.0030)
stis,e140h,ech,69	(1335.2,1341.2,0.0029,0.0030)
stis,e140h,ech,6	(1669.0,1676.5,0.0037,0.0037)
stis,e140h,ech,70	(1331.0,1337.0,0.0029,0.0029)
stis,e140h,ech,71	(1326.8,1332.8,0.0029,0.0030)
stis,e140h,ech,72	(1322.6,1328.6,0.0029,0.0030)
stis,e140h,ech,73	(1318.5,1324.4,0.0029,0.0029)
stis,e140h,ech,74	(1314.3,1320.3,0.0029,0.0029)
stis,e140h,ech,75	(1310.2,1316.1,0.0029,0.0029)
stis,e140h,ech,76	(1306.2,1312.0,0.0029,0.0028)
stis,e140h,ech,77	(1302.2,1308.0,0.0029,0.0029)
stis,e140h,ech,78	(1298.1,1303.9,0.0028,0.0028)
stis,e140h,ech,79	(1294.1,1299.9,0.0028,0.0028)
stis,e140h,ech,7	(1662.5,1669.9,0.0036,0.0036)
stis,e140h,ech,80	(1290.1,1295.9,0.0028,0.0029)
stis,e140h,ech,81	(1286.2,1292.0,0.0028,0.0028)
stis,e140h,ech,82	(1282.3,1288.0,0.0028,0.0029)
stis,e140h,ech,83	(1278.5,1284.1,0.0028,0.0028)
stis,e140h,ech,84	(1274.5,1280.2,0.0028,0.0028)
stis,e140h,ech,85	(1270.8,1276.5,0.0028,0.0028)
stis,e140h,ech,86	(1266.8,1272.6,0.0028,0.0028)
stis,e140h,ech,87	(1263.0,1268.7,0.0028,0.0028)
stis,e140h,ech,88	(1259.2,1264.9,0.0028,0.0027)
stis,e140h,ech,89	(1255.5,1261.1,0.0028,0.0028)
stis,e140h,ech,8	(1655.9,1663.3,0.0036,0.0037)
stis,e140h,ech,90	(1251.8,1257.5,0.0027,0.0028)
stis,e140h,ech,91	(1248.0,1253.6,0.0027,0.0028)
stis,e140h,ech,92	(1244.3,1249.9,0.0027,0.0028)
stis,e140h,ech,93	(1240.7,1246.3,0.0027,0.0027)
stis,e140h,ech,94	(1237.0,1242.6,0.0027,0.0027)
stis,e140h,ech,95	(1233.5,1239.0,0.0027,0.0027)
stis,e140h,ech,96	(1229.8,1235.4,0.0027,0.0027)
stis,e140h,ech,97	(1226.2,1231.7,0.0027,0.0027)
stis,e140h,ech,98	(1222.7,1228.2,0.0027,0.0027)
stis,e140h,ech,99	(1219.2,1224.7,0.0027,0.0027)
stis,e140h,ech,9	(1649.4,1656.8,0.0036,0.0036)
stis,e140h,scan,1	(1513.0,1710.5,0.0033,0.0037)
stis,e140h,scan,2	(1326.8,1525.2,0.0029,0.0034)
stis,e140h,scan,3	(1146.0,1337.0,0.0025,0.0029)
stis,e140m,ech,10	(1484.9,1510.5,0.0124,0.0126)
stis,e140m,ech,11	(1465.1,1490.3,0.0122,0.0124)
stis,e140m,ech,12	(1445.8,1470.7,0.0121,0.0123)
stis,e140m,ech,13	(1427.0,1451.6,0.0119,0.0121)
stis,e140m,ech,14	(1408.8,1433.1,0.0117,0.0119)
stis,e140m,ech,15	(1390.9,1414.9,0.0116,0.0118)
stis,e140m,ech,16	(1373.5,1397.2,0.0115,0.0116)
stis,e140m,ech,17	(1356.7,1380.0,0.0113,0.0115)
stis,e140m,ech,18	(1340.0,1363.1,0.0112,0.0114)
stis,e140m,ech,19	(1323.9,1346.7,0.0110,0.0113)
stis,e140m,ech,1	(1690.5,1719.7,0.0141,0.0143)
stis,e140m,ech,20	(1308.2,1330.7,0.0109,0.0111)
stis,e140m,ech,21	(1292.8,1315.1,0.0108,0.0110)
stis,e140m,ech,22	(1277.7,1299.7,0.0107,0.0109)
stis,e140m,ech,23	(1263.0,1284.8,0.0105,0.0107)
stis,e140m,ech,24	(1248.8,1270.3,0.0104,0.0106)
stis,e140m,ech,25	(1234.7,1255.9,0.0103,0.0104)
stis,e140m,ech,26	(1220.9,1241.9,0.0102,0.0104)
stis,e140m,ech,27	(1207.5,1228.3,0.0101,0.0102)
stis,e140m,ech,28	(1194.5,1215.0,0.0100,0.0101)
stis,e140m,ech,29	(1181.5,1201.9,0.0098,0.0101)
stis,e140m,ech,2	(1664.9,1693.5,0.0139,0.0142)
stis,e140m,ech,30	(1169.0,1189.1,0.0097,0.0099)
stis,e140m,ech,31	(1156.8,1176.7,0.0096,0.0099)
stis,e140m,ech,32	(1144.7,1164.3,0.0095,0.0097)
stis,e140m,ech,33	(1132.8,1152.4,0.0094,0.0096)
stis,e140m,ech,3	(1640.0,1668.4,0.0137,0.0139)
stis,e140m,ech,4	(1615.9,1643.7,0.0135,0.0137)
stis,e140m,ech,5	(1592.5,1619.9,0.0133,0.0136)
stis,e140m,ech,6	(1569.8,1596.8,0.0131,0.0133)
stis,e140m,ech,7	(1547.5,1574.3,0.0129,0.0131)
stis,e140m,ech,8	(1526.2,1552.4,0.0127,0.0129)
stis,e140m,ech,9	(1505.2,1531.1,0.0125,0.0128)
stis,e140m,scan,1	(1132.8,1719.6,0.0094,0.0144)
stis,e230h,ech,100	(2210.2,2220.2,0.0048,0.0048)
stis,e230h,ech,101	(2203.8,2213.7,0.0048,0.0048)
stis,e230h,ech,102	(2197.6,2207.4,0.0048,0.0048)
stis,e230h,ech,103	(2191.2,2201.1,0.0048,0.0048)
stis,e230h,ech,104	(2185.0,2194.8,0.0048,0.0048)
stis,e230h,ech,105	(2178.8,2188.6,0.0048,0.0048)
stis,e230h,ech,106	(2172.6,2182.4,0.0048,0.0048)
stis,e230h,ech,107	(2166.6,2176.3,0.0047,0.0048)
stis,e230h,ech,108	(2160.4,2170.1,0.0047,0.0047)
stis,e230h,ech,109	(2154.3,2164.0,0.0047,0.0048)
stis,e230h,ech,10	(2984.2,2997.7,0.0065,0.0066)
stis,e230h,ech,110	(2148.3,2157.9,0.0047,0.0047)
stis,e230h,ech,111	(2142.3,2151.9,0.0047,0.0048)
stis,e230h,ech,112	(2136.3,2145.9,0.0047,0.0047)
stis,e230h,ech,113	(2130.3,2139.9,0.0047,0.0047)
stis,e230h,ech,114	(2124.4,2134.0,0.0047,0.0046)
stis,e230h,ech,115	(2118.7,2128.2,0.0046,0.0046)
stis,e230h,ech,116	(2112.8,2122.2,0.0046,0.0046)
stis,e230h,ech,117	(2106.9,2116.4,0.0046,0.0047)
stis,e230h,ech,118	(2101.2,2110.6,0.0046,0.0046)
stis,e230h,ech,119	(2095.5,2104.9,0.0046,0.0046)
stis,e230h,ech,11	(2972.6,2986.0,0.0065,0.0066)
stis,e230h,ech,120	(2089.7,2099.1,0.0046,0.0046)
stis,e230h,ech,121	(2084.0,2093.4,0.0046,0.0046)
stis,e230h,ech,122	(2078.4,2087.7,0.0046,0.0046)
stis,e230h,ech,123	(2072.8,2082.2,0.0045,0.0046)
stis,e230h,ech,124	(2067.2,2076.5,0.0045,0.0046)
stis,e230h,ech,125	(2061.7,2070.9,0.0045,0.0045)
stis,e230h,ech,126	(2056.2,2065.4,0.0045,0.0046)
stis,e230h,ech,127	(2050.6,2059.8,0.0045,0.0045)
stis,e230h,ech,128	(2045.1,2054.3,0.0045,0.0045)
stis,e230h,ech,129	(2039.7,2048.9,0.0045,0.0045)
stis,e230h,ech,12	(2961.2,2974.4,0.0065,0.0065)
stis,e230h,ech,130	(2034.3,2043.5,0.0045,0.0044)
stis,e230h,ech,131	(2029.0,2038.0,0.0044,0.0044)
stis,e230h,ech,132	(2023.7,2032.8,0.0044,0.0045)
stis,e230h,ech,133	(2018.2,2027.3,0.0044,0.0044)
stis,e230h,ech,134	(2013.0,2022.0,0.0044,0.0044)
stis,e230h,ech,135	(2007.7,2016.7,0.0044,0.0044)
stis,e230h,ech,136	(2002.4,2011.4,0.0044,0.0044)
stis,e230h,ech,137	(1997.2,2006.2,0.0044,0.0044)
stis,e230h,ech,138	(1992.0,2001.0,0.0044,0.0044)
stis,e230h,ech,139	(1987.0,1995.9,0.0044,0.0044)
stis,e230h,ech,13	(2949.8,2963.1,0.0065,0.0065)
stis,e230h,ech,140	(1981.8,1990.7,0.0043,0.0044)
stis,e230h,ech,141	(1976.7,1985.5,0.0043,0.0044)
stis,e230h,ech,142	(1971.5,1980.4,0.0043,0.0044)
stis,e230h,ech,143	(1966.5,1975.3,0.0043,0.0043)
stis,e230h,ech,144	(1961.5,1970.3,0.0043,0.0043)
stis,e230h,ech,145	(1956.4,1965.2,0.0043,0.0043)
stis,e230h,ech,146	(1951.5,1960.3,0.0043,0.0043)
stis,e230h,ech,147	(1946.5,1955.3,0.0043,0.0043)
stis,e230h,ech,148	(1941.5,1950.2,0.0043,0.0043)
stis,e230h,ech,149	(1936.8,1945.4,0.0042,0.0043)
stis,e230h,ech,14	(2938.4,2951.6,0.0064,0.0064)
stis,e230h,ech,150	(1931.8,1940.6,0.0042,0.0043)
stis,e230h,ech,151	(1927.0,1935.7,0.0042,0.0042)
stis,e230h,ech,152	(1922.2,1930.9,0.0042,0.0042)
stis,e230h,ech,153	(1917.3,1925.9,0.0042,0.0043)
stis,e230h,ech,154	(1912.5,1921.1,0.0042,0.0042)
stis,e230h,ech,155	(1907.8,1916.4,0.0042,0.0042)
stis,e230h,ech,156	(1903.0,1911.6,0.0042,0.0041)
stis,e230h,ech,157	(1898.3,1906.9,0.0042,0.0042)
stis,e230h,ech,158	(1893.6,1902.2,0.0041,0.0041)
stis,e230h,ech,159	(1889.0,1897.6,0.0041,0.0042)
stis,e230h,ech,15	(2927.2,2940.4,0.0064,0.0065)
stis,e230h,ech,160	(1884.3,1892.9,0.0041,0.0042)
stis,e230h,ech,161	(1879.7,1888.1,0.0041,0.0041)
stis,e230h,ech,162	(1875.2,1883.6,0.0041,0.0041)
stis,e230h,ech,163	(1870.6,1879.0,0.0041,0.0042)
stis,e230h,ech,164	(1866.0,1874.4,0.0041,0.0041)
stis,e230h,ech,165	(1861.5,1869.8,0.0041,0.0041)
stis,e230h,ech,166	(1857.0,1865.3,0.0041,0.0041)
stis,e230h,ech,167	(1852.5,1860.8,0.0041,0.0041)
stis,e230h,ech,168	(1848.0,1856.3,0.0040,0.0041)
stis,e230h,ech,169	(1843.7,1852.0,0.0040,0.0041)
stis,e230h,ech,16	(2916.2,2929.2,0.0064,0.0064)
stis,e230h,ech,170	(1839.2,1847.4,0.0040,0.0040)
stis,e230h,ech,171	(1834.8,1843.0,0.0040,0.0041)
stis,e230h,ech,172	(1830.4,1838.6,0.0040,0.0041)
stis,e230h,ech,173	(1826.0,1834.2,0.0040,0.0040)
stis,e230h,ech,174	(1821.7,1829.9,0.0040,0.0040)
stis,e230h,ech,175	(1817.5,1825.5,0.0040,0.0040)
stis,e230h,ech,176	(1813.2,1821.2,0.0040,0.0040)
stis,e230h,ech,177	(1808.8,1816.8,0.0040,0.0040)
stis,e230h,ech,178	(1804.5,1812.7,0.0040,0.0040)
stis,e230h,ech,179	(1800.3,1808.5,0.0039,0.0040)
stis,e230h,ech,17	(2905.1,2918.1,0.0064,0.0064)
stis,e230h,ech,180	(1796.2,1804.2,0.0039,0.0040)
stis,e230h,ech,181	(1791.9,1799.9,0.0039,0.0039)
stis,e230h,ech,182	(1787.7,1795.7,0.0039,0.0040)
stis,e230h,ech,183	(1783.5,1791.7,0.0039,0.0040)
stis,e230h,ech,184	(1779.4,1787.4,0.0039,0.0040)
stis,e230h,ech,185	(1775.3,1783.3,0.0039,0.0039)
stis,e230h,ech,186	(1771.2,1779.2,0.0039,0.0039)
stis,e230h,ech,187	(1767.1,1775.1,0.0039,0.0039)
stis,e230h,ech,188	(1763.0,1771.0,0.0039,0.0039)
stis,e230h,ech,189	(1759.0,1766.8,0.0039,0.0039)
stis,e230h,ech,18	(2894.1,2907.1,0.0063,0.0063)
stis,e230h,ech,190	(1755.0,1762.9,0.0038,0.0038)
stis,e230h,ech,191	(1751.0,1758.8,0.0038,0.0038)
stis,e230h,ech,192	(1747.0,1754.8,0.0038,0.0039)
stis,e230h,ech,193	(1743.0,1750.9,0.0038,0.0038)
stis,e230h,ech,194	(1739.1,1746.9,0.0038,0.0038)
stis,e230h,ech,195	(1735.1,1742.9,0.0038,0.0038)
stis,e230h,ech,196	(1731.2,1739.0,0.0038,0.0038)
stis,e230h,ech,197	(1727.3,1735.1,0.0038,0.0038)
stis,e230h,ech,198	(1723.4,1731.2,0.0038,0.0038)
stis,e230h,ech,199	(1719.7,1727.4,0.0038,0.0037)
stis,e230h,ech,19	(2883.2,2896.2,0.0063,0.0064)
stis,e230h,ech,1	(3092.4,3106.4,0.0068,0.0069)
stis,e230h,ech,200	(1715.8,1723.5,0.0038,0.0038)
stis,e230h,ech,201	(1712.0,1719.6,0.0038,0.0038)
stis,e230h,ech,202	(1708.0,1715.8,0.0037,0.0037)
stis,e230h,ech,203	(1704.3,1711.9,0.0037,0.0038)
stis,e230h,ech,204	(1700.5,1708.3,0.0037,0.0037)
stis,e230h,ech,205	(1696.8,1704.4,0.0037,0.0037)
stis,e230h,ech,206	(1693.0,1700.6,0.0037,0.0037)
stis,e230h,ech,207	(1689.3,1696.9,0.0037,0.0037)
stis,e230h,ech,208	(1685.7,1693.1,0.0037,0.0037)
stis,e230h,ech,209	(1682.0,1689.4,0.0037,0.0037)
stis,e230h,ech,20	(2872.4,2885.4,0.0063,0.0063)
stis,e230h,ech,210	(1678.2,1685.6,0.0037,0.0037)
stis,e230h,ech,211	(1674.5,1682.0,0.0037,0.0037)
stis,e230h,ech,212	(1671.0,1678.5,0.0037,0.0036)
stis,e230h,ech,213	(1667.2,1674.6,0.0037,0.0037)
stis,e230h,ech,214	(1663.7,1671.2,0.0036,0.0036)
stis,e230h,ech,215	(1660.0,1667.5,0.0036,0.0037)
stis,e230h,ech,216	(1656.5,1664.0,0.0036,0.0037)
stis,e230h,ech,217	(1652.9,1660.3,0.0036,0.0036)
stis,e230h,ech,218	(1649.3,1656.7,0.0036,0.0036)
stis,e230h,ech,219	(1645.8,1653.2,0.0036,0.0036)
stis,e230h,ech,21	(2861.7,2874.5,0.0063,0.0063)
stis,e230h,ech,22	(2851.1,2863.9,0.0062,0.0063)
stis,e230h,ech,23	(2840.6,2853.3,0.0062,0.0063)
stis,e230h,ech,24	(2829.9,2842.6,0.0062,0.0063)
stis,e230h,ech,25	(2819.6,2832.3,0.0062,0.0062)
stis,e230h,ech,26	(2809.3,2821.9,0.0062,0.0062)
stis,e230h,ech,27	(2799.0,2811.6,0.0061,0.0062)
stis,e230h,ech,28	(2788.8,2801.4,0.0061,0.0061)
stis,e230h,ech,29	(2778.7,2791.1,0.0061,0.0061)
stis,e230h,ech,2	(3079.9,3093.9,0.0067,0.0068)
stis,e230h,ech,30	(2768.7,2781.1,0.0061,0.0061)
stis,e230h,ech,31	(2758.7,2771.1,0.0060,0.0060)
stis,e230h,ech,32	(2748.8,2761.2,0.0060,0.0061)
stis,e230h,ech,33	(2739.1,2751.4,0.0060,0.0060)
stis,e230h,ech,34	(2729.3,2741.7,0.0060,0.0060)
stis,e230h,ech,35	(2719.6,2731.8,0.0060,0.0060)
stis,e230h,ech,36	(2710.0,2722.2,0.0059,0.0060)
stis,e230h,ech,37	(2700.4,2712.6,0.0059,0.0059)
stis,e230h,ech,38	(2791.1,2803.1,0.0061,0.0061)
stis,e230h,ech,39	(2681.6,2693.6,0.0059,0.0059)
stis,e230h,ech,3	(3067.7,3081.5,0.0067,0.0068)
stis,e230h,ech,40	(2672.2,2684.2,0.0059,0.0059)
stis,e230h,ech,41	(2662.9,2674.9,0.0058,0.0058)
stis,e230h,ech,42	(2653.7,2665.7,0.0058,0.0058)
stis,e230h,ech,43	(2644.7,2656.6,0.0058,0.0058)
stis,e230h,ech,44	(2635.5,2647.3,0.0058,0.0058)
stis,e230h,ech,45	(2626.5,2638.3,0.0058,0.0058)
stis,e230h,ech,46	(2617.5,2629.3,0.0057,0.0058)
stis,e230h,ech,47	(2608.7,2620.3,0.0057,0.0058)
stis,e230h,ech,48	(2599.8,2611.4,0.0057,0.0057)
stis,e230h,ech,49	(2591.0,2602.6,0.0057,0.0057)
stis,e230h,ech,4	(3055.6,3069.3,0.0067,0.0067)
stis,e230h,ech,50	(2582.2,2593.9,0.0057,0.0056)
stis,e230h,ech,51	(2573.6,2585.2,0.0056,0.0056)
stis,e230h,ech,52	(2565.1,2576.5,0.0056,0.0057)
stis,e230h,ech,53	(2556.9,2568.5,0.0056,0.0056)
stis,e230h,ech,54	(2547.9,2559.4,0.0056,0.0057)
stis,e230h,ech,55	(2539.5,2550.9,0.0056,0.0056)
stis,e230h,ech,56	(2531.1,2542.5,0.0055,0.0056)
stis,e230h,ech,57	(2522.8,2534.1,0.0055,0.0055)
stis,e230h,ech,58	(2514.6,2525.8,0.0055,0.0055)
stis,e230h,ech,59	(2506.2,2517.6,0.0055,0.0055)
stis,e230h,ech,5	(3043.4,3057.2,0.0067,0.0067)
stis,e230h,ech,60	(2498.2,2509.5,0.0055,0.0055)
stis,e230h,ech,61	(2490.0,2501.2,0.0055,0.0055)
stis,e230h,ech,62	(2482.1,2493.1,0.0054,0.0055)
stis,e230h,ech,63	(2470.1,2481.1,0.0054,0.0054)
stis,e230h,ech,64	(2466.1,2477.1,0.0054,0.0054)
stis,e230h,ech,65	(2458.2,2469.2,0.0054,0.0054)
stis,e230h,ech,66	(2450.2,2461.4,0.0054,0.0054)
stis,e230h,ech,67	(2442.4,2453.4,0.0054,0.0053)
stis,e230h,ech,68	(2434.8,2445.6,0.0053,0.0054)
stis,e230h,ech,69	(2427.1,2438.0,0.0053,0.0053)
stis,e230h,ech,6	(3031.3,3045.1,0.0066,0.0067)
stis,e230h,ech,70	(2419.3,2430.2,0.0053,0.0053)
stis,e230h,ech,71	(2411.8,2422.7,0.0053,0.0053)
stis,e230h,ech,72	(2404.2,2415.0,0.0053,0.0053)
stis,e230h,ech,73	(2396.6,2407.4,0.0053,0.0053)
stis,e230h,ech,74	(2389.2,2399.9,0.0052,0.0053)
stis,e230h,ech,75	(2381.8,2392.5,0.0052,0.0052)
stis,e230h,ech,76	(2374.4,2385.2,0.0052,0.0053)
stis,e230h,ech,77	(2367.1,2377.7,0.0052,0.0052)
stis,e230h,ech,78	(2359.8,2370.4,0.0052,0.0052)
stis,e230h,ech,79	(2352.5,2363.1,0.0052,0.0051)
stis,e230h,ech,7	(3019.4,3033.0,0.0066,0.0066)
stis,e230h,ech,80	(2345.3,2355.9,0.0051,0.0052)
stis,e230h,ech,81	(2338.2,2348.8,0.0051,0.0052)
stis,e230h,ech,82	(2331.2,2341.7,0.0051,0.0052)
stis,e230h,ech,83	(2324.1,2334.5,0.0051,0.0051)
stis,e230h,ech,84	(2317.0,2327.4,0.0051,0.0051)
stis,e230h,ech,85	(2310.0,2320.4,0.0051,0.0051)
stis,e230h,ech,86	(2303.2,2313.4,0.0050,0.0051)
stis,e230h,ech,87	(2296.2,2306.5,0.0050,0.0051)
stis,e230h,ech,88	(2289.3,2299.7,0.0050,0.0050)
stis,e230h,ech,89	(2282.6,2292.9,0.0050,0.0050)
stis,e230h,ech,8	(3007.7,3021.2,0.0066,0.0067)
stis,e230h,ech,90	(2275.8,2286.1,0.0050,0.0050)
stis,e230h,ech,91	(2269.0,2279.2,0.0050,0.0050)
stis,e230h,ech,92	(2262.3,2272.5,0.0050,0.0050)
stis,e230h,ech,93	(2255.8,2265.9,0.0049,0.0049)
stis,e230h,ech,94	(2249.0,2259.2,0.0049,0.0049)
stis,e230h,ech,95	(2242.6,2252.7,0.0049,0.0049)
stis,e230h,ech,96	(2235.8,2246.0,0.0049,0.0049)
stis,e230h,ech,97	(2229.4,2239.6,0.0049,0.0049)
stis,e230h,ech,98	(2223.0,2233.0,0.0049,0.0049)
stis,e230h,ech,99	(2216.6,2226.5,0.0049,0.0049)
stis,e230h,ech,9	(2995.8,3009.4,0.0066,0.0066)
stis,e230h,scan,1	(2851.0,3106.4,0.0062,0.0068)
stis,e230h,scan,2	(2608.7,2874.6,0.0057,0.0063)
stis,e230h,scan,3	(2367.1,2629.3,0.0052,0.0058)
stis,e230h,scan,4	(2118.7,2385.2,0.0046,0.0052)
stis,e230h,scan,5	(1870.7,2139.9,0.0041,0.0047)
stis,e230h,scan,6	(1645.8,1897.5,0.0036,0.0041)
stis,e230m,ech,10	(2707.7,2754.3,0.0226,0.0230)
stis,e230m,ech,11	(2671.6,2717.6,0.0223,0.0226)
stis,e230m,ech,12	(2636.5,2681.9,0.0220,0.0223)
stis,e230m,ech,13	(2602.2,2647.0,0.0217,0.0221)
stis,e230m,ech,14	(2568.9,2613.1,0.0214,0.0218)
stis,e230m,ech,15	(2536.3,2580.0,0.0211,0.0215)
stis,e230m,ech,16	(2504.6,2547.8,0.0209,0.0212)
stis,e230m,ech,17	(2473.7,2516.3,0.0206,0.0210)
stis,e230m,ech,18	(2443.6,2485.6,0.0204,0.0207)
stis,e230m,ech,19	(2414.1,2455.7,0.0201,0.0204)
stis,e230m,ech,1	(3082.7,3135.7,0.0257,0.0261)
stis,e230m,ech,20	(2385.4,2426.4,0.0199,0.0203)
stis,e230m,ech,21	(2357.3,2397.9,0.0196,0.0200)
stis,e230m,ech,22	(2329.8,2369.9,0.0194,0.0197)
stis,e230m,ech,23	(2303.1,2342.8,0.0192,0.0195)
stis,e230m,ech,24	(2276.9,2316.1,0.0190,0.0193)
stis,e230m,ech,25	(2251.4,2290.2,0.0188,0.0191)
stis,e230m,ech,26	(2226.3,2264.7,0.0186,0.0188)
stis,e230m,ech,27	(2201.9,2239.9,0.0184,0.0187)
stis,e230m,ech,28	(2178.0,2215.4,0.0182,0.0185)
stis,e230m,ech,29	(2154.6,2191.7,0.0180,0.0183)
stis,e230m,ech,2	(3035.9,3088.3,0.0253,0.0257)
stis,e230m,ech,30	(2131.6,2168.2,0.0178,0.0180)
stis,e230m,ech,31	(2109.2,2145.6,0.0176,0.0179)
stis,e230m,ech,32	(2087.2,2123.1,0.0174,0.0177)
stis,e230m,ech,33	(2065.8,2101.3,0.0172,0.0175)
stis,e230m,ech,34	(2044.6,2079.8,0.0170,0.0174)
stis,e230m,ech,35	(2024.0,2058.8,0.0169,0.0171)
stis,e230m,ech,36	(2003.7,2038.2,0.0167,0.0170)
stis,e230m,ech,37	(1983.8,2017.9,0.0165,0.0168)
stis,e230m,ech,38	(1964.4,1998.2,0.0164,0.0166)
stis,e230m,ech,39	(1945.4,1978.8,0.0162,0.0165)
stis,e230m,ech,3	(2990.7,3042.2,0.0249,0.0253)
stis,e230m,ech,40	(1926.6,1959.8,0.0161,0.0163)
stis,e230m,ech,41	(1908.3,1941.2,0.0159,0.0161)
stis,e230m,ech,42	(1890.3,1922.9,0.0158,0.0161)
stis,e230m,ech,43	(1872.5,1905.0,0.0156,0.0159)
stis,e230m,ech,44	(1855.3,1887.2,0.0155,0.0158)
stis,e230m,ech,45	(1838.3,1869.9,0.0153,0.0156)
stis,e230m,ech,46	(1821.7,1853.0,0.0152,0.0154)
stis,e230m,ech,47	(1805.2,1836.2,0.0150,0.0153)
stis,e230m,ech,48	(1789.0,1819.8,0.0149,0.0152)
stis,e230m,ech,49	(1773.2,1803.8,0.0148,0.0150)
stis,e230m,ech,4	(2946.6,2997.4,0.0246,0.0250)
stis,e230m,ech,50	(1757.7,1788.0,0.0146,0.0149)
stis,e230m,ech,51	(1742.4,1772.4,0.0145,0.0148)
stis,e230m,ech,52	(1727.3,1757.1,0.0144,0.0146)
stis,e230m,ech,53	(1712.5,1742.0,0.0143,0.0145)
stis,e230m,ech,54	(1698.2,1727.2,0.0141,0.0144)
stis,e230m,ech,55	(1683.8,1712.8,0.0140,0.0143)
stis,e230m,ech,56	(1669.8,1698.6,0.0139,0.0141)
stis,e230m,ech,57	(1656.0,1684.5,0.0138,0.0140)
stis,e230m,ech,58	(1642.5,1670.8,0.0137,0.0139)
stis,e230m,ech,59	(1629.0,1657.1,0.0136,0.0138)
stis,e230m,ech,5	(2903.9,2953.9,0.0242,0.0246)
stis,e230m,ech,6	(2862.4,2911.7,0.0239,0.0242)
stis,e230m,ech,7	(2822.1,2870.7,0.0235,0.0239)
stis,e230m,ech,8	(2782.9,2830.8,0.0232,0.0236)
stis,e230m,ech,9	(2744.8,2792.1,0.0229,0.0233)
stis,g140l	(0.0,1725.7,0.2980,0.2980)
stis,g140m,scan,10	(1600.0,1650.0,0.0244,0.0244)
stis,g140m,scan,11	(1650.0,1700.0,0.0244,0.0244)
stis,g140m,scan,1	(1150.0,1200.0,0.0244,0.0244)
stis,g140m,scan,2	(1200.0,1250.0,0.0244,0.0244)
stis,g140m,scan,3	(1250.0,1300.0,0.0244,0.0244)
stis,g140m,scan,4	(1300.0,1350.0,0.0244,0.0244)
stis,g140m,scan,5	(1350.0,1400.0,0.0244,0.0244)
stis,g140m,scan,6	(1400.0,1450.0,0.0244,0.0244)
stis,g140m,scan,7	(1450.0,1500.0,0.0244,0.0244)
stis,g140m,scan,8	(1500.0,1550.0,0.0244,0.0244)
stis,g140m,scan,9	(1550.0,1600.0,0.0244,0.0244)
stis,g230l	(0.0,3158.4,0.7890,0.7890)
stis,g230m,scan,10	(2374.8,2455.2,0.0393,0.0393)
stis,g230m,scan,11	(2454.8,2535.2,0.0393,0.0393)
stis,g230m,scan,12	(2535.8,2616.2,0.0393,0.0393)
stis,g230m,scan,13	(2615.8,2696.2,0.0393,0.0393)
stis,g230m,scan,14	(2696.8,2777.2,0.0393,0.0393)
stis,g230m,scan,15	(2776.8,2857.2,0.0393,0.0393)
stis,g230m,scan,16	(2857.8,2938.2,0.0393,0.0393)
stis,g230m,scan,17	(2937.8,3018.2,0.0393,0.0393)
stis,g230m,scan,18	(3018.8,3099.2,0.0393,0.0393)
stis,g230m,scan,1	(1649.8,1730.2,0.0393,0.0393)
stis,g230m,scan,2	(1729.8,1810.2,0.0393,0.0393)
stis,g230m,scan,3	(1810.8,1891.2,0.0393,0.0393)
stis,g230m,scan,4	(1891.8,1972.2,0.0393,0.0393)
stis,g230m,scan,5	(1971.8,2052.2,0.0393,0.0393)
stis,g230m,scan,6	(2052.8,2133.2,0.0393,0.0393)
stis,g230m,scan,7	(2132.8,2213.2,0.0393,0.0393)
stis,g230m,scan,8	(2213.8,2294.2,0.0393,0.0393)
stis,g230m,scan,9	(2293.8,2374.2,0.0393,0.0393)
stis,g430l	(0.0,5700.2,1.3650,1.3650)
stis,g430m,scan,10	(5300.0,5550.0,0.1220,0.1220)
stis,g430m,scan,1	(3050.0,3300.0,0.1220,0.1220)
stis,g430m,scan,2	(3300.0,3550.0,0.1220,0.1220)
stis,g430m,scan,3	(3550.0,3800.0,0.1220,0.1220)
stis,g430m,scan,4	(3800.0,4050.0,0.1220,0.1220)
stis,g430m,scan,5	(4050.0,4300.0,0.1220,0.1220)
stis,g430m,scan,6	(4300.0,4550.0,0.1220,0.1220)
stis,g430m,scan,7	(4550.0,4800.0,0.1220,0.1220)
stis,g430m,scan,8	(4800.0,5050.0,0.1220,0.1220)
stis,g430m,scan,9	(5050.0,5300.0,0.1220,0.1220)
stis,g750l	(0.0,10419.5,2.4580,2.4580)
stis,g750m,scan,1	(5500.0,6000.0,0.2440,0.2440)
stis,g750m,scan,2	(6000.0,6500.0,0.2440,0.2440)
stis,g750m,scan,3	(6500.0,7000.0,0.2440,0.2440)
stis,g750m,scan,4	(7000.0,7500.0,0.2440,0.2440)
stis,g750m,scan,5	(7500.0,8000.0,0.2440,0.2440)
stis,g750m,scan,6	(8000.0,8500.0,0.2440,0.2440)
stis,g750m,scan,7	(8500.0,9000.0,0.2440,0.2440)
stis,g750m,scan,8	(9000.0,9500.0,0.2440,0.2440)
stis,g750m,scan,9	(9500.0,10000.0,0.2440,0.2440)
